<?xml version="1.0" encoding="UTF-8"?>
<!-- Generated by org.testng.reporters.JUnitXMLReporter -->
<testsuite ignored="0" hostname="LAPTOP-7C6PVF9U" failures="1" tests="3" name="Error Validations Test" time="31.712" errors="0" timestamp="2025-02-25T14:47:54 PST">
  <testcase classname="rahulshettyacademy.tests.ErrorValidationsTest" name="LoginErrorValidation" time="0.969">
    <skipped/>
  </testcase> <!-- LoginErrorValidation -->
  <testcase classname="rahulshettyacademy.tests.ErrorValidationsTest" name="LoginErrorValidation" time="1.541">
    <failure type="java.lang.AssertionError" message="expected [Incorrect email or password.] but found [Incorre email password.]">
      <![CDATA[java.lang.AssertionError: expected [Incorrect email or password.] but found [Incorre email password.]
at rahulshettyacademy.tests.ErrorValidationsTest.LoginErrorValidation(ErrorValidationsTest.java:23)
at java.base/java.util.ArrayList.forEach(ArrayList.java:1541)
... Removed 33 stack frames]]>
    </failure>
  </testcase> <!-- LoginErrorValidation -->
  <testcase classname="rahulshettyacademy.tests.ErrorValidationsTest" name="ProductErrorValidation" time="3.5"/>
</testsuite> <!-- Error Validations Test -->
