<?xml version="1.0" encoding="UTF-8"?>
<!-- Generated by org.testng.reporters.JUnitXMLReporter -->
<testsuite ignored="0" hostname="LAPTOP-7C6PVF9U" failures="0" tests="3" name="Submit Order Test" time="39.977" errors="0" timestamp="2025-02-25T14:47:22 PST">
  <testcase classname="rahulshettyacademy.tests.SubmitOrderTest" name="submitOrder" time="7.858"/>
  <testcase classname="rahulshettyacademy.tests.SubmitOrderTest" name="submitOrder" time="7.645"/>
  <testcase classname="rahulshettyacademy.tests.SubmitOrderTest" name="OrderHistoryTest" time="1.444"/>
</testsuite> <!-- Submit Order Test -->
