<?xml version="1.0" encoding="UTF-8"?>
<!-- Generated by org.testng.reporters.JUnitXMLReporter -->
<testsuite ignored="0" hostname="LAPTOP-7C6PVF9U" failures="1" tests="3" name="Error Validations Test" time="30.288" errors="0" timestamp="2025-02-25T19:12:15 PST">
  <testcase classname="rahulshettyacademy.tests.ErrorValidationsTest" name="LoginErrorValidation" time="0.912">
    <skipped/>
  </testcase> <!-- LoginErrorValidation -->
  <testcase classname="rahulshettyacademy.tests.ErrorValidationsTest" name="LoginErrorValidation" time="0.886">
    <failure type="java.lang.AssertionError" message="expected [Incorrect email or password.] but found [Incorre email password.]">
      <![CDATA[java.lang.AssertionError: expected [Incorrect email or password.] but found [Incorre email password.]
at rahulshettyacademy.tests.ErrorValidationsTest.LoginErrorValidation(ErrorValidationsTest.java:23)
at java.base/java.util.ArrayList.forEach(ArrayList.java:1596)
... Removed 35 stack frames]]>
    </failure>
  </testcase> <!-- LoginErrorValidation -->
  <testcase classname="rahulshettyacademy.tests.ErrorValidationsTest" name="ProductErrorValidation" time="3.415"/>
</testsuite> <!-- Error Validations Test -->
